<?xml version="1.0" encoding="UTF-8"?>
<!-- Generated by org.testng.reporters.JUnitXMLReporter -->
<testsuite ignored="0" hostname="Sakteswars-MacBook-Air.local" failures="0" tests="3" name="Submit Order Test" time="32.128" errors="0" timestamp="2024-03-25T11:16:44 IST">
  <testcase classname="com.shakti.selenium.test.ECommercialAppTest" name="submitOrder" time="5.749"/>
  <testcase classname="com.shakti.selenium.test.ECommercialAppTest" name="submitOrder" time="5.672"/>
  <testcase classname="com.shakti.selenium.test.ECommercialAppTest" name="orderHistory" time="1.447"/>
</testsuite> <!-- Submit Order Test -->
